<?xml version="1.0" encoding="UTF-8"?>
<!-- Generated by org.testng.reporters.JUnitXMLReporter -->
<testsuite hostname="Kalyani" ignored="0" name="Default test" tests="9" failures="0" timestamp="06 Apr 2021 09:19:02 GMT" time="13.253" errors="0">
  <testcase name="loginTestCase" time="0.574" classname="April4.testInCompany.DaProvidRegister"/>
  <testcase name="fillDetails" time="1.252" classname="April4.testInCompany.DaProvidRegister"/>
  <testcase name="fillDetails" time="1.29" classname="April4.testInCompany.DaProvidRegister"/>
  <testcase name="fillDetails" time="1.327" classname="April4.testInCompany.DaProvidRegister"/>
  <testcase name="fillDetails" time="1.158" classname="April4.testInCompany.DaProvidRegister"/>
  <testcase name="userpageTest" time="2.148" classname="April4.testInCompany.DaProvidRegister"/>
  <testcase name="userpageTest" time="1.851" classname="April4.testInCompany.DaProvidRegister"/>
  <testcase name="userpageTest" time="1.565" classname="April4.testInCompany.DaProvidRegister"/>
  <testcase name="userpageTest" time="1.808" classname="April4.testInCompany.DaProvidRegister"/>
</testsuite> <!-- Default test -->
